The system is: Windows - 10.0.19045 - AMD64
Compiling the CXX compiler identification source file "CMakeCXXCompilerId.cpp" succeeded.
Compiler: C:/Program Files/Microsoft Visual Studio/2022/Community/VC/Tools/MSVC/14.31.31103/bin/Hostx64/x64/cl.exe 
Build flags: 
Id flags:  

The output was:
0
Microsoft (R) C/C++ Optimizing Compiler Version 19.31.31104 for x64
Copyright (C) Microsoft Corporation.  All rights reserved.

CMakeCXXCompilerId.cpp
Microsoft (R) Incremental Linker Version 14.31.31104.0
Copyright (C) Microsoft Corporation.  All rights reserved.

/out:CMakeCXXCompilerId.exe 
CMakeCXXCompilerId.obj 


Compilation of the CXX compiler identification source "CMakeCXXCompilerId.cpp" produced "CMakeCXXCompilerId.exe"

Compilation of the CXX compiler identification source "CMakeCXXCompilerId.cpp" produced "CMakeCXXCompilerId.obj"

The CXX compiler identification is MSVC, found in "C:/Users/Fran/Desktop/Fran/Games/WoW Server/Azerothcore_build/out/build/x64-Debug/CMakeFiles/3.22.22022201-MSVC_2/CompilerIdCXX/CMakeCXXCompilerId.exe"

Compiling the C compiler identification source file "CMakeCCompilerId.c" succeeded.
Compiler: C:/Program Files/Microsoft Visual Studio/2022/Community/VC/Tools/MSVC/14.31.31103/bin/Hostx64/x64/cl.exe 
Build flags: 
Id flags:  

The output was:
0
Microsoft (R) C/C++ Optimizing Compiler Version 19.31.31104 for x64
Copyright (C) Microsoft Corporation.  All rights reserved.

CMakeCCompilerId.c
Microsoft (R) Incremental Linker Version 14.31.31104.0
Copyright (C) Microsoft Corporation.  All rights reserved.

/out:CMakeCCompilerId.exe 
CMakeCCompilerId.obj 


Compilation of the C compiler identification source "CMakeCCompilerId.c" produced "CMakeCCompilerId.exe"

Compilation of the C compiler identification source "CMakeCCompilerId.c" produced "CMakeCCompilerId.obj"

The C compiler identification is MSVC, found in "C:/Users/Fran/Desktop/Fran/Games/WoW Server/Azerothcore_build/out/build/x64-Debug/CMakeFiles/3.22.22022201-MSVC_2/CompilerIdC/CMakeCCompilerId.exe"

Detecting CXX compiler ABI info compiled with the following output:
Change Dir: C:/Users/Fran/Desktop/Fran/Games/WoW Server/Azerothcore_build/out/build/x64-Debug/CMakeFiles/CMakeTmp

Run Build Command(s):C:/Program Files/Microsoft Visual Studio/2022/Community/Common7/IDE/CommonExtensions/Microsoft/CMake/Ninja/ninja.exe cmTC_dd2d7 && [1/2] Building CXX object CMakeFiles\cmTC_dd2d7.dir\CMakeCXXCompilerABI.cpp.obj
[2/2] Linking CXX executable cmTC_dd2d7.exe



Detecting C compiler ABI info compiled with the following output:
Change Dir: C:/Users/Fran/Desktop/Fran/Games/WoW Server/Azerothcore_build/out/build/x64-Debug/CMakeFiles/CMakeTmp

Run Build Command(s):C:/Program Files/Microsoft Visual Studio/2022/Community/Common7/IDE/CommonExtensions/Microsoft/CMake/Ninja/ninja.exe cmTC_b8f4e && [1/2] Building C object CMakeFiles\cmTC_b8f4e.dir\CMakeCCompilerABI.c.obj
[2/2] Linking C executable cmTC_b8f4e.exe



Performing C++ SOURCE FILE Test boost_filesystem_copy_links_without_NO_SCOPED_ENUM succeeded with the following output:
Change Dir: C:/Users/Fran/Desktop/Fran/Games/WoW Server/Azerothcore_build/out/build/x64-Debug/CMakeFiles/CMakeTmp

Run Build Command(s):C:/Program Files/Microsoft Visual Studio/2022/Community/Common7/IDE/CommonExtensions/Microsoft/CMake/Ninja/ninja.exe cmTC_9cccc && [1/2] Building CXX object CMakeFiles\cmTC_9cccc.dir\src.cxx.obj
cl : Command line warning D9002 : ignoring unknown option '-std=c++11'
[2/2] Linking CXX executable cmTC_9cccc.exe


Source file was:

  #include <boost/filesystem/path.hpp>
  #include <boost/filesystem/operations.hpp>
  int main() { boost::filesystem::copy_file(boost::filesystem::path(), boost::filesystem::path()); }
Determining if the _strtod_l exist passed with the following output:
Change Dir: C:/Users/Fran/Desktop/Fran/Games/WoW Server/Azerothcore_build/out/build/x64-Debug/CMakeFiles/CMakeTmp

Run Build Command(s):C:/Program Files/Microsoft Visual Studio/2022/Community/Common7/IDE/CommonExtensions/Microsoft/CMake/Ninja/ninja.exe cmTC_39f61 && [1/2] Building C object CMakeFiles\cmTC_39f61.dir\CheckSymbolExists.c.obj
[2/2] Linking C executable cmTC_39f61.exe


File C:/Users/Fran/Desktop/Fran/Games/WoW Server/Azerothcore_build/out/build/x64-Debug/CMakeFiles/CMakeTmp/CheckSymbolExists.c:
/* */
#include <stdlib.h>

int main(int argc, char** argv)
{
  (void)argv;
#ifndef _strtod_l
  return ((int*)(&_strtod_l))[argc];
#else
  (void)argc;
  return 0;
#endif
}
Determining if the include file filesystem exists passed with the following output:
Change Dir: C:/Users/Fran/Desktop/Fran/Games/WoW Server/Azerothcore_build/out/build/x64-Debug/CMakeFiles/CMakeTmp

Run Build Command(s):C:/Program Files/Microsoft Visual Studio/2022/Community/Common7/IDE/CommonExtensions/Microsoft/CMake/Ninja/ninja.exe cmTC_b7078 && [1/2] Building CXX object CMakeFiles\cmTC_b7078.dir\CheckIncludeFile.cxx.obj
[2/2] Linking CXX executable cmTC_b7078.exe



Performing C++ SOURCE FILE Test CXX_FILESYSTEM_NO_LINK_NEEDED succeeded with the following output:
Change Dir: C:/Users/Fran/Desktop/Fran/Games/WoW Server/Azerothcore_build/out/build/x64-Debug/CMakeFiles/CMakeTmp

Run Build Command(s):C:/Program Files/Microsoft Visual Studio/2022/Community/Common7/IDE/CommonExtensions/Microsoft/CMake/Ninja/ninja.exe cmTC_ef56c && [1/2] Building CXX object CMakeFiles\cmTC_ef56c.dir\src.cxx.obj
[2/2] Linking CXX executable cmTC_ef56c.exe


Source file was:
        #include <filesystem>

        int main() {
            auto cwd = std::filesystem::current_path();
            return static_cast<int>(cwd.string().size());
        }
    
